Arguments: 
  C:\Program Files\nodejs\node.exe C:\Users\dream\AppData\Local\node\corepack\yarn\1.22.19\bin\yarn.js init

PATH: 
  C:\telepresence;C:\Program Files\SSHFS-Win\bin;C:\telepresence;C:\Program Files\SSHFS-Win\bin;C:\Windows\system32;C:\Windows;C:\Windows\System32\Wbem;C:\Windows\System32\WindowsPowerShell\v1.0\;C:\Windows\System32\OpenSSH\;C:\Users\dream\AppData\Roaming\nvm;C:\Program Files\nodejs;C:\Program Files\ojdkbuild\java-11-openjdk-11.0.14-1\bin;C:\Program Files (x86)\Gpg4win\..\GnuPG\bin;C:\Program Files\PuTTY\;C:\Users\dream\AppData\Local\Programs\Python\Python310\Scripts;C:\Users\dream\AppData\Local\Programs\Python\Python310;D:\Programs\protoc-3.19.4-win64\bin;C:\Program Files\Docker\Docker\resources\bin;C:\ProgramData\DockerDesktop\version-bin;C:\bin;C:\bin;C:\Program Files\ojdkbuild\java-17-openjdk-17.0.3.0.6-1\bin;C:\Program Files (x86)\Windows Kits\8.1\Windows Performance Toolkit\;C:\Users\dream\AppData\Local\Programs\Python\Python310\Scripts\;C:\Users\dream\AppData\Local\Programs\Python\Python310\;C:\Users\dream\AppData\Local\Microsoft\WindowsApps;C:\Users\dream\AppData\Local\Programs\Microsoft VS Code\bin;C:\Users\dream\AppData\Local\JetBrains\Toolbox\scripts;C:\Program Files\Git\cmd;C:\Users\dream\AppData\Local\Programs\Python\Python310\Scripts\;C:\Users\dream\AppData\Local\Programs\Python\Python310\;C:\Users\dream\AppData\Local\Microsoft\WindowsApps;C:\Users\dream\AppData\Local\Programs\Microsoft VS Code\bin;C:\Users\dream\AppData\Roaming\nvm;C:\Program Files\nodejs;C:\Users\dream\AppData\Local\JetBrains\Toolbox\scripts

Yarn version: 
  1.22.19

Node version: 
  20.9.0

Platform: 
  win32 x64

Trace: 
  Error: canceled
      at Interface.<anonymous> (C:\Users\dream\AppData\Local\node\corepack\yarn\1.22.19\lib\cli.js:137150:13)
      at Interface.emit (node:events:514:28)
      at [_ttyWrite] [as _ttyWrite] (node:internal/readline/interface:1125:18)
      at ReadStream.onkeypress (node:internal/readline/interface:264:20)
      at ReadStream.emit (node:events:514:28)
      at emitKeys (node:internal/readline/utils:371:14)
      at emitKeys.next (<anonymous>)
      at ReadStream.onData (node:internal/readline/emitKeypressEvents:64:36)
      at ReadStream.emit (node:events:514:28)
      at addChunk (node:internal/streams/readable:376:12)

npm manifest: 
  {
    "name": "create-graphql-doc",
    "version": "0.0.1",
    "description": "Create graphql docs easily.",
    "type": "module",
    "repository": {
      "type": "git",
      "url": "https://github.com/yearnlune/graphql-doc.git",
      "directory": "create-graphql-doc"
    },
    "bugs": {
      "url": "https://github.com/yearnlune/graphql-doc/issues"
    },
    "publishConfig": {
      "access": "public"
    },
    "license": "MIT",
    "engines": {
      "node": ">=18.0"
    }
  }

yarn manifest: 
  No manifest

Lockfile: 
  No lockfile
